
> tuky-motos-app@1.0.0 android
> react-native run-android

info JS server already running.
info Installing the app...
> Task :gradle-plugin:compileKotlin UP-TO-DATE
> Task :gradle-plugin:compileJava NO-SOURCE
> Task :gradle-plugin:pluginDescriptors UP-TO-DATE
> Task :gradle-plugin:processResources UP-TO-DATE
> Task :gradle-plugin:classes UP-TO-DATE
> Task :gradle-plugin:jar UP-TO-DATE
> Task :gradle-plugin:inspectClassesForKotlinIC UP-TO-DATE
> Task :app:buildCodegenCLI SKIPPED
> Task :app:generateCodegenSchemaFromJavaScript SKIPPED
> Task :app:generateCodegenArtifactsFromSchema SKIPPED
> Task :app:generatePackageList
> Task :app:preBuild
> Task :app:preDebugBuild
> Task :app:generateDebugBuildConfig UP-TO-DATE
> Task :app:javaPreCompileDebug UP-TO-DATE
> Task :react-native-async-storage_async-storage:preBuild UP-TO-DATE
> Task :react-native-async-storage_async-storage:preDebugBuild UP-TO-DATE
> Task :react-native-async-storage_async-storage:writeDebugAarMetadata UP-TO-DATE
> Task :react-native-geolocation-service:preBuild UP-TO-DATE
> Task :react-native-geolocation-service:preDebugBuild UP-TO-DATE
> Task :react-native-geolocation-service:writeDebugAarMetadata UP-TO-DATE
> Task :react-native-gesture-handler:preBuild UP-TO-DATE
> Task :react-native-gesture-handler:preDebugBuild UP-TO-DATE
> Task :react-native-gesture-handler:writeDebugAarMetadata UP-TO-DATE
> Task :react-native-maps:preBuild UP-TO-DATE
> Task :react-native-maps:preDebugBuild UP-TO-DATE
> Task :react-native-maps:writeDebugAarMetadata UP-TO-DATE
> Task :react-native-safe-area-context:preBuild UP-TO-DATE
> Task :react-native-safe-area-context:preDebugBuild UP-TO-DATE
> Task :react-native-safe-area-context:writeDebugAarMetadata UP-TO-DATE
> Task :react-native-screens:preBuild UP-TO-DATE
> Task :react-native-screens:preDebugBuild UP-TO-DATE
> Task :react-native-screens:writeDebugAarMetadata UP-TO-DATE
> Task :react-native-vector-icons:preBuild UP-TO-DATE
> Task :react-native-vector-icons:preDebugBuild UP-TO-DATE
> Task :react-native-vector-icons:writeDebugAarMetadata UP-TO-DATE
> Task :app:checkDebugAarMetadata UP-TO-DATE
> Task :app:generateDebugResValues UP-TO-DATE
> Task :react-native-async-storage_async-storage:generateDebugResValues UP-TO-DATE
> Task :react-native-async-storage_async-storage:generateDebugResources UP-TO-DATE
> Task :react-native-async-storage_async-storage:packageDebugResources UP-TO-DATE
> Task :react-native-geolocation-service:generateDebugResValues UP-TO-DATE
> Task :react-native-geolocation-service:generateDebugResources UP-TO-DATE
> Task :react-native-geolocation-service:packageDebugResources UP-TO-DATE
> Task :react-native-gesture-handler:generateDebugResValues UP-TO-DATE
> Task :react-native-gesture-handler:generateDebugResources UP-TO-DATE
> Task :react-native-gesture-handler:packageDebugResources UP-TO-DATE
> Task :react-native-maps:generateDebugResValues UP-TO-DATE
> Task :react-native-maps:generateDebugResources UP-TO-DATE
> Task :react-native-maps:packageDebugResources UP-TO-DATE
> Task :react-native-safe-area-context:generateDebugResValues UP-TO-DATE
> Task :react-native-safe-area-context:generateDebugResources UP-TO-DATE
> Task :react-native-safe-area-context:packageDebugResources UP-TO-DATE
> Task :react-native-screens:generateDebugResValues UP-TO-DATE
> Task :react-native-screens:generateDebugResources UP-TO-DATE
> Task :react-native-screens:packageDebugResources UP-TO-DATE
> Task :react-native-vector-icons:generateDebugResValues UP-TO-DATE
> Task :react-native-vector-icons:generateDebugResources UP-TO-DATE
> Task :react-native-vector-icons:packageDebugResources UP-TO-DATE
> Task :app:mapDebugSourceSetPaths UP-TO-DATE
> Task :app:generateDebugResources UP-TO-DATE
> Task :app:mergeDebugResources UP-TO-DATE
> Task :app:packageDebugResources UP-TO-DATE
> Task :app:parseDebugLocalResources UP-TO-DATE
> Task :app:createDebugCompatibleScreenManifests UP-TO-DATE
> Task :app:extractDeepLinksDebug UP-TO-DATE
> Task :react-native-async-storage_async-storage:extractDeepLinksDebug UP-TO-DATE
> Task :react-native-async-storage_async-storage:processDebugManifest UP-TO-DATE
> Task :react-native-geolocation-service:extractDeepLinksDebug UP-TO-DATE
> Task :react-native-geolocation-service:processDebugManifest UP-TO-DATE
> Task :react-native-gesture-handler:extractDeepLinksDebug UP-TO-DATE
> Task :react-native-gesture-handler:processDebugManifest UP-TO-DATE
> Task :react-native-maps:extractDeepLinksDebug UP-TO-DATE
> Task :react-native-maps:processDebugManifest UP-TO-DATE
> Task :react-native-safe-area-context:extractDeepLinksDebug UP-TO-DATE
> Task :react-native-safe-area-context:processDebugManifest UP-TO-DATE
> Task :react-native-screens:extractDeepLinksDebug UP-TO-DATE
> Task :react-native-screens:processDebugManifest UP-TO-DATE
> Task :react-native-vector-icons:extractDeepLinksDebug UP-TO-DATE
> Task :react-native-vector-icons:processDebugManifest UP-TO-DATE
> Task :app:processDebugMainManifest UP-TO-DATE
> Task :app:processDebugManifest UP-TO-DATE
> Task :app:processDebugManifestForPackage UP-TO-DATE
> Task :react-native-async-storage_async-storage:compileDebugLibraryResources UP-TO-DATE
> Task :react-native-async-storage_async-storage:parseDebugLocalResources UP-TO-DATE
> Task :react-native-async-storage_async-storage:generateDebugRFile UP-TO-DATE
> Task :react-native-geolocation-service:compileDebugLibraryResources UP-TO-DATE
> Task :react-native-geolocation-service:parseDebugLocalResources UP-TO-DATE
> Task :react-native-geolocation-service:generateDebugRFile UP-TO-DATE
> Task :react-native-gesture-handler:compileDebugLibraryResources UP-TO-DATE
> Task :react-native-gesture-handler:parseDebugLocalResources UP-TO-DATE
> Task :react-native-gesture-handler:generateDebugRFile UP-TO-DATE
> Task :react-native-maps:compileDebugLibraryResources UP-TO-DATE
> Task :react-native-maps:parseDebugLocalResources UP-TO-DATE
> Task :react-native-maps:generateDebugRFile UP-TO-DATE
> Task :react-native-safe-area-context:compileDebugLibraryResources UP-TO-DATE
> Task :react-native-safe-area-context:parseDebugLocalResources UP-TO-DATE
> Task :react-native-safe-area-context:generateDebugRFile UP-TO-DATE
> Task :react-native-screens:compileDebugLibraryResources UP-TO-DATE
> Task :react-native-screens:parseDebugLocalResources UP-TO-DATE
> Task :react-native-screens:generateDebugRFile UP-TO-DATE
> Task :react-native-vector-icons:compileDebugLibraryResources UP-TO-DATE
> Task :react-native-vector-icons:parseDebugLocalResources UP-TO-DATE
> Task :react-native-vector-icons:generateDebugRFile UP-TO-DATE
> Task :app:processDebugResources UP-TO-DATE
> Task :react-native-async-storage_async-storage:generateDebugBuildConfig UP-TO-DATE
> Task :react-native-async-storage_async-storage:javaPreCompileDebug UP-TO-DATE
> Task :react-native-async-storage_async-storage:compileDebugJavaWithJavac UP-TO-DATE
> Task :react-native-async-storage_async-storage:bundleLibCompileToJarDebug UP-TO-DATE
> Task :react-native-geolocation-service:javaPreCompileDebug UP-TO-DATE
> Task :react-native-geolocation-service:compileDebugJavaWithJavac UP-TO-DATE
> Task :react-native-geolocation-service:bundleLibCompileToJarDebug UP-TO-DATE
> Task :react-native-gesture-handler:generateDebugBuildConfig UP-TO-DATE
> Task :react-native-gesture-handler:javaPreCompileDebug UP-TO-DATE
> Task :react-native-maps:generateDebugBuildConfig UP-TO-DATE
> Task :react-native-maps:compileDebugKotlin NO-SOURCE
> Task :react-native-maps:javaPreCompileDebug UP-TO-DATE

> Task :react-native-gesture-handler:compileDebugKotlin
'compileDebugJavaWithJavac' task (current target is 11) and 'compileDebugKotlin' task (current target is 1.8) jvm target compatibility should be set to the same Java version.

> Task :react-native-maps:compileDebugJavaWithJavac FAILED

> Task :react-native-gesture-handler:compileDebugKotlin FAILED
89 actionable tasks: 3 executed, 86 up-to-date

info ðŸ’¡ Tip: Make sure that you have set up your development environment correctly, by running react-native doctor. To read more about doctor command visit: https://github.com/react-native-community/cli/blob/main/packages/cli-doctor/README.md#doctor 

C:\Users\Miller\Desktop\Tuky\frontend\node_modules\react-native-maps\android\src\main\java\com\facebook\react\viewmanagers\RNMapsCalloutManagerInterface.java:13: error: cannot find symbol
import com.facebook.react.uimanager.ViewManagerWithGeneratedInterface;
                                   ^
  symbol:   class ViewManagerWithGeneratedInterface
  location: package com.facebook.react.uimanager
C:\Users\Miller\Desktop\Tuky\frontend\node_modules\react-native-maps\android\src\main\java\com\facebook\react\viewmanagers\RNMapsCalloutManagerInterface.java:15: error: cannot find symbol
public interface RNMapsCalloutManagerInterface<T extends View> extends ViewManagerWithGeneratedInterface {
                                                                       ^
  symbol: class ViewManagerWithGeneratedInterface
C:\Users\Miller\Desktop\Tuky\frontend\node_modules\react-native-maps\android\src\main\java\com\facebook\react\viewmanagers\RNMapsCircleManagerInterface.java:15: error: cannot find symbol
import com.facebook.react.uimanager.ViewManagerWithGeneratedInterface;
                                   ^
  symbol:   class ViewManagerWithGeneratedInterface
  location: package com.facebook.react.uimanager
C:\Users\Miller\Desktop\Tuky\frontend\node_modules\react-native-maps\android\src\main\java\com\facebook\react\viewmanagers\RNMapsCircleManagerInterface.java:17: error: cannot find symbol
public interface RNMapsCircleManagerInterface<T extends View> extends ViewManagerWithGeneratedInterface {
                                                                      ^
  symbol: class ViewManagerWithGeneratedInterface
C:\Users\Miller\Desktop\Tuky\frontend\node_modules\react-native-maps\android\src\main\java\com\facebook\react\viewmanagers\RNMapsGooglePolygonManagerInterface.java:15: error: cannot find symbol
import com.facebook.react.uimanager.ViewManagerWithGeneratedInterface;
                                   ^
  symbol:   class ViewManagerWithGeneratedInterface
  location: package com.facebook.react.uimanager
C:\Users\Miller\Desktop\Tuky\frontend\node_modules\react-native-maps\android\src\main\java\com\facebook\react\viewmanagers\RNMapsGooglePolygonManagerInterface.java:17: error: cannot find symbol
public interface RNMapsGooglePolygonManagerInterface<T extends View> extends ViewManagerWithGeneratedInterface {
                                                                             ^
  symbol: class ViewManagerWithGeneratedInterface
C:\Users\Miller\Desktop\Tuky\frontend\node_modules\react-native-maps\android\src\main\java\com\facebook\react\viewmanagers\RNMapsMapViewManagerInterface.java:16: error: cannot find symbol
import com.facebook.react.uimanager.ViewManagerWithGeneratedInterface;
                                   ^
  symbol:   class ViewManagerWithGeneratedInterface
  location: package com.facebook.react.uimanager
C:\Users\Miller\Desktop\Tuky\frontend\node_modules\react-native-maps\android\src\main\java\com\facebook\react\viewmanagers\RNMapsMapViewManagerInterface.java:18: error: cannot find symbol
public interface RNMapsMapViewManagerInterface<T extends View> extends ViewManagerWithGeneratedInterface {
                                                                       ^
  symbol: class ViewManagerWithGeneratedInterface
C:\Users\Miller\Desktop\Tuky\frontend\node_modules\react-native-maps\android\src\main\java\com\facebook\react\viewmanagers\RNMapsMarkerManagerInterface.java:15: error: cannot find symbol
import com.facebook.react.uimanager.ViewManagerWithGeneratedInterface;
                                   ^
  symbol:   class ViewManagerWithGeneratedInterface
  location: package com.facebook.react.uimanager
C:\Users\Miller\Desktop\Tuky\frontend\node_modules\react-native-maps\android\src\main\java\com\facebook\react\viewmanagers\RNMapsMarkerManagerInterface.java:17: error: cannot find symbol
public interface RNMapsMarkerManagerInterface<T extends View> extends ViewManagerWithGeneratedInterface {
                                                                      ^
  symbol: class ViewManagerWithGeneratedInterface
C:\Users\Miller\Desktop\Tuky\frontend\node_modules\react-native-maps\android\src\main\java\com\facebook\react\viewmanagers\RNMapsOverlayManagerInterface.java:15: error: cannot find symbol
import com.facebook.react.uimanager.ViewManagerWithGeneratedInterface;
                                   ^
  symbol:   class ViewManagerWithGeneratedInterface
  location: package com.facebook.react.uimanager
C:\Users\Miller\Desktop\Tuky\frontend\node_modules\react-native-maps\android\src\main\java\com\facebook\react\viewmanagers\RNMapsOverlayManagerInterface.java:17: error: cannot find symbol
public interface RNMapsOverlayManagerInterface<T extends View> extends ViewManagerWithGeneratedInterface {
                                                                       ^
  symbol: class ViewManagerWithGeneratedInterface
C:\Users\Miller\Desktop\Tuky\frontend\node_modules\react-native-maps\android\src\main\java\com\facebook\react\viewmanagers\RNMapsPolylineManagerInterface.java:15: error: cannot find symbol
import com.facebook.react.uimanager.ViewManagerWithGeneratedInterface;
                                   ^
  symbol:   class ViewManagerWithGeneratedInterface
  location: package com.facebook.react.uimanager
C:\Users\Miller\Desktop\Tuky\frontend\node_modules\react-native-maps\android\src\main\java\com\facebook\react\viewmanagers\RNMapsPolylineManagerInterface.java:17: error: cannot find symbol
public interface RNMapsPolylineManagerInterface<T extends View> extends ViewManagerWithGeneratedInterface {
                                                                        ^
  symbol: class ViewManagerWithGeneratedInterface
C:\Users\Miller\Desktop\Tuky\frontend\node_modules\react-native-maps\android\src\main\java\com\facebook\react\viewmanagers\RNMapsUrlTileManagerInterface.java:14: error: cannot find symbol
import com.facebook.react.uimanager.ViewManagerWithGeneratedInterface;
                                   ^
  symbol:   class ViewManagerWithGeneratedInterface
  location: package com.facebook.react.uimanager
C:\Users\Miller\Desktop\Tuky\frontend\node_modules\react-native-maps\android\src\main\java\com\facebook\react\viewmanagers\RNMapsUrlTileManagerInterface.java:16: error: cannot find symbol
public interface RNMapsUrlTileManagerInterface<T extends View> extends ViewManagerWithGeneratedInterface {
                                                                       ^
  symbol: class ViewManagerWithGeneratedInterface
C:\Users\Miller\Desktop\Tuky\frontend\node_modules\react-native-maps\android\src\main\java\com\facebook\react\viewmanagers\RNMapsWMSTileManagerInterface.java:14: error: cannot find symbol
import com.facebook.react.uimanager.ViewManagerWithGeneratedInterface;
                                   ^
  symbol:   class ViewManagerWithGeneratedInterface
  location: package com.facebook.react.uimanager
C:\Users\Miller\Desktop\Tuky\frontend\node_modules\react-native-maps\android\src\main\java\com\facebook\react\viewmanagers\RNMapsWMSTileManagerInterface.java:16: error: cannot find symbol
public interface RNMapsWMSTileManagerInterface<T extends View> extends ViewManagerWithGeneratedInterface {
                                                                       ^
  symbol: class ViewManagerWithGeneratedInterface
C:\Users\Miller\Desktop\Tuky\frontend\node_modules\react-native-maps\android\src\main\java\com\rnmaps\maps\MapsPackage.java:6: error: cannot find symbol
import com.facebook.react.BaseReactPackage;
                         ^
  symbol:   class BaseReactPackage
  location: package com.facebook.react
C:\Users\Miller\Desktop\Tuky\frontend\node_modules\react-native-maps\android\src\main\java\com\rnmaps\maps\MapsPackage.java:28: error: cannot find symbol
public class MapsPackage extends BaseReactPackage implements ReactPackage {
                                 ^
  symbol: class BaseReactPackage
C:\Users\Miller\Desktop\Tuky\frontend\node_modules\react-native-maps\android\src\main\java\com\rnmaps\maps\MapUIBlock.java:7: error: cannot find symbol
import com.facebook.react.fabric.interop.UIBlockViewResolver;
                                        ^
  symbol:   class UIBlockViewResolver
  location: package com.facebook.react.fabric.interop
C:\Users\Miller\Desktop\Tuky\frontend\node_modules\react-native-maps\android\src\main\java\com\rnmaps\maps\MapUIBlock.java:64: error: cannot find symbol
interface UIBlockInterface extends UIBlock, com.facebook.react.fabric.interop.UIBlock  {}
                                                                             ^
  symbol:   class UIBlock
  location: package com.facebook.react.fabric.interop
C:\Users\Miller\Desktop\Tuky\frontend\node_modules\react-native-maps\android\src\main\java\com\rnmaps\maps\MapUIBlock.java:35: error: cannot find symbol
    public void execute(UIBlockViewResolver uiBlockViewResolver) {
                        ^
  symbol:   class UIBlockViewResolver
  location: class MapUIBlock
C:\Users\Miller\Desktop\Tuky\frontend\node_modules\react-native-maps\android\src\main\java\com\rnmaps\maps\MapUIBlock.java:39: error: cannot find symbol
    private void executeImpl(NativeViewHierarchyManager nvhm, UIBlockViewResolver uiBlockViewResolver) {
                                                              ^
  symbol:   class UIBlockViewResolver
  location: class MapUIBlock
C:\Users\Miller\Desktop\Tuky\frontend\node_modules\react-native-maps\android\src\main\java\com\rnmaps\fabric\CalloutManager.java:24: error: constructor ViewGroupManager in class ViewGroupManager<T> cannot be applied to given types;
        super(context);
        ^
  required: no arguments
  found:    ReactApplicationContext
  reason: actual and formal argument lists differ in length
  where T is a type-variable:
    T extends ViewGroup declared in class ViewGroupManager
C:\Users\Miller\Desktop\Tuky\frontend\node_modules\react-native-maps\android\src\main\java\com\rnmaps\fabric\CircleManager.java:22: error: constructor ViewGroupManager in class ViewGroupManager<T> cannot be applied to given types;
        super(context);
        ^
  required: no arguments
  found:    ReactApplicationContext
  reason: actual and formal argument lists differ in length
  where T is a type-variable:
    T extends ViewGroup declared in class ViewGroupManager
C:\Users\Miller\Desktop\Tuky\frontend\node_modules\react-native-maps\android\src\main\java\com\rnmaps\fabric\MapViewManager.java:52: error: constructor ViewGroupManager in class ViewGroupManager<T> cannot be applied to given types;
        super(context);
        ^
  required: no arguments
  found:    ReactApplicationContext
  reason: actual and formal argument lists differ in length
  where T is a type-variable:
    T extends ViewGroup declared in class ViewGroupManager
C:\Users\Miller\Desktop\Tuky\frontend\node_modules\react-native-maps\android\src\main\java\com\rnmaps\fabric\MapViewManager.java:268: error: cannot find symbol
            MapsInitializer.initialize(getReactApplicationContext(), renderer, r -> Log.d("AirMapRenderer", "Init with renderer: " + r));
                                       ^
  symbol:   method getReactApplicationContext()
  location: class MapViewManager
C:\Users\Miller\Desktop\Tuky\frontend\node_modules\react-native-maps\android\src\main\java\com\rnmaps\maps\MapMarker.java:521: error: method does not override or implement a method from a supertype
                        @Override
                        ^
C:\Users\Miller\Desktop\Tuky\frontend\node_modules\react-native-maps\android\src\main\java\com\rnmaps\fabric\MarkerManager.java:33: error: constructor ViewGroupManager in class ViewGroupManager<T> cannot be applied to given types;
        super(context);
        ^
  required: no arguments
  found:    ReactApplicationContext
  reason: actual and formal argument lists differ in length
  where T is a type-variable:
    T extends ViewGroup declared in class ViewGroupManager
C:\Users\Miller\Desktop\Tuky\frontend\node_modules\react-native-maps\android\src\main\java\com\rnmaps\fabric\OverlayManager.java:24: error: constructor ViewGroupManager in class ViewGroupManager<T> cannot be applied to given types;
        super(context);
        ^
  required: no arguments
  found:    ReactApplicationContext
  reason: actual and formal argument lists differ in length
  where T is a type-variable:
    T extends ViewGroup declared in class ViewGroupManager
C:\Users\Miller\Desktop\Tuky\frontend\node_modules\react-native-maps\android\src\main\java\com\rnmaps\fabric\PolygonManager.java:23: error: constructor ViewGroupManager in class ViewGroupManager<T> cannot be applied to given types;
        super(context);
        ^
  required: no arguments
  found:    ReactApplicationContext
  reason: actual and formal argument lists differ in length
  where T is a type-variable:
    T extends ViewGroup declared in class ViewGroupManager
C:\Users\Miller\Desktop\Tuky\frontend\node_modules\react-native-maps\android\src\main\java\com\rnmaps\fabric\PolylineManager.java:28: error: constructor ViewGroupManager in class ViewGroupManager<T> cannot be applied to given types;
        super(context);
        ^
  required: no arguments
  found:    ReactApplicationContext
  reason: actual and formal argument lists differ in length
  where T is a type-variable:
    T extends ViewGroup declared in class ViewGroupManager
C:\Users\Miller\Desktop\Tuky\frontend\node_modules\react-native-maps\android\src\main\java\com\rnmaps\fabric\UrlTileManager.java:24: error: constructor ViewGroupManager in class ViewGroupManager<T> cannot be applied to given types;
        super(context);
        ^
  required: no arguments
  found:    ReactApplicationContext
  reason: actual and formal argument lists differ in length
  where T is a type-variable:
    T extends ViewGroup declared in class ViewGroupManager
C:\Users\Miller\Desktop\Tuky\frontend\node_modules\react-native-maps\android\src\main\java\com\rnmaps\fabric\WMSTileManager.java:23: error: constructor ViewGroupManager in class ViewGroupManager<T> cannot be applied to given types;
        super(context);
        ^
  required: no arguments
  found:    ReactApplicationContext
  reason: actual and formal argument lists differ in length
  where T is a type-variable:
    T extends ViewGroup declared in class ViewGroupManager
C:\Users\Miller\Desktop\Tuky\frontend\node_modules\react-native-maps\android\src\main\java\com\rnmaps\maps\MapsPackage.java:28: error: MapsPackage is not abstract and does not override abstract method createNativeModules(ReactApplicationContext) in ReactPackage
public class MapsPackage extends BaseReactPackage implements ReactPackage {
       ^
C:\Users\Miller\Desktop\Tuky\frontend\node_modules\react-native-maps\android\src\main\java\com\rnmaps\maps\MapsPackage.java:47: error: method does not override or implement a method from a supertype
  @Override
  ^
C:\Users\Miller\Desktop\Tuky\frontend\node_modules\react-native-maps\android\src\main\java\com\rnmaps\maps\MapsPackage.java:83: error: method does not override or implement a method from a supertype
  @Override
  ^
C:\Users\Miller\Desktop\Tuky\frontend\node_modules\react-native-maps\android\src\main\java\com\rnmaps\maps\MapsPackage.java:90: error: constructor ReactModuleInfo in class ReactModuleInfo cannot be applied to given types;
        map.put(NativeAirMapsModuleSpec.NAME, new ReactModuleInfo(
                                              ^
  required: String,String,boolean,boolean,boolean,boolean,boolean
  found:    String,String,boolean,boolean,boolean,boolean
  reason: actual and formal argument lists differ in length
C:\Users\Miller\Desktop\Tuky\frontend\node_modules\react-native-maps\android\src\main\java\com\rnmaps\maps\MapUIBlock.java:56: error: cannot find symbol
            ((FabricUIManager) uiManager).addUIBlock(this);
                                         ^
  symbol:   method addUIBlock(MapUIBlock)
  location: class FabricUIManager
Note: Some input files use or override a deprecated API.
Note: Recompile with -Xlint:deprecation for details.
Note: Some input files use unchecked or unsafe operations.
Note: Recompile with -Xlint:unchecked for details.
40 errors
e: Supertypes of the following classes cannot be resolved. Please make sure you have the required dependencies in the classpath:
    class com.facebook.react.viewmanagers.RNGestureHandlerButtonManagerInterface, unresolved supertypes: ViewManagerWithGeneratedInterface
    class com.facebook.react.viewmanagers.RNGestureHandlerRootViewManagerInterface, unresolved supertypes: ViewManagerWithGeneratedInterface
Adding -Xextended-compiler-checks argument might provide additional information.

e: C:\Users\Miller\Desktop\Tuky\frontend\node_modules\react-native-gesture-handler\android\src\main\java\com\swmansion\gesturehandler\RNGestureHandlerPackage.kt: (3, 27): Unresolved reference: BaseReactPackage
e: C:\Users\Miller\Desktop\Tuky\frontend\node_modules\react-native-gesture-handler\android\src\main\java\com\swmansion\gesturehandler\RNGestureHandlerPackage.kt: (23, 3): Unresolved reference: BaseReactPackage
e: C:\Users\Miller\Desktop\Tuky\frontend\node_modules\react-native-gesture-handler\android\src\main\java\com\swmansion\gesturehandler\RNGestureHandlerPackage.kt: (36, 3): 'createViewManagers' overrides nothing
e: C:\Users\Miller\Desktop\Tuky\frontend\node_modules\react-native-gesture-handler\android\src\main\java\com\swmansion\gesturehandler\RNGestureHandlerPackage.kt: (41, 3): 'getViewManagers' overrides nothing
e: C:\Users\Miller\Desktop\Tuky\frontend\node_modules\react-native-gesture-handler\android\src\main\java\com\swmansion\gesturehandler\RNGestureHandlerPackage.kt: (47, 3): 'getModule' overrides nothing
e: C:\Users\Miller\Desktop\Tuky\frontend\node_modules\react-native-gesture-handler\android\src\main\java\com\swmansion\gesturehandler\RNGestureHandlerPackage.kt: (54, 3): 'getReactModuleInfoProvider' overrides nothing
e: C:\Users\Miller\Desktop\Tuky\frontend\node_modules\react-native-gesture-handler\android\src\main\java\com\swmansion\gesturehandler\RNGestureHandlerPackage.kt: (71, 11): No value passed for parameter 'p6'
e: C:\Users\Miller\Desktop\Tuky\frontend\node_modules\react-native-gesture-handler\android\src\main\java\com\swmansion\gesturehandler\react\RNGestureHandlerButtonViewManager.kt: (40, 1): Cannot access 'ViewManagerWithGeneratedInterface' which is a supertype of 'com.swmansion.gesturehandler.react.RNGestureHandlerButtonViewManager'. Check your module classpath for missing or conflicting dependencies
e: C:\Users\Miller\Desktop\Tuky\frontend\node_modules\react-native-gesture-handler\android\src\main\java\com\swmansion\gesturehandler\react\RNGestureHandlerButtonViewManager.kt: (47, 5): Cannot access 'ViewManagerWithGeneratedInterface' which is a supertype of 'com.swmansion.gesturehandler.react.RNGestureHandlerButtonViewManager'. Check your module classpath for missing or conflicting dependencies
e: C:\Users\Miller\Desktop\Tuky\frontend\node_modules\react-native-gesture-handler\android\src\main\java\com\swmansion\gesturehandler\react\RNGestureHandlerButtonViewManager.kt: (47, 107): Cannot access 'ViewManagerWithGeneratedInterface' which is a supertype of 'com.swmansion.gesturehandler.react.RNGestureHandlerButtonViewManager'. Check your module classpath for missing or conflicting dependencies
e: C:\Users\Miller\Desktop\Tuky\frontend\node_modules\react-native-gesture-handler\android\src\main\java\com\swmansion\gesturehandler\react\RNGestureHandlerButtonViewManager.kt: (136, 5): Cannot access 'ViewManagerWithGeneratedInterface' which is a supertype of 'com.swmansion.gesturehandler.react.RNGestureHandlerButtonViewManager'. Check your module classpath for missing or conflicting dependencies
e: C:\Users\Miller\Desktop\Tuky\frontend\node_modules\react-native-gesture-handler\android\src\main\java\com\swmansion\gesturehandler\react\RNGestureHandlerButtonViewManager.kt: (141, 71): Cannot access 'ViewManagerWithGeneratedInterface' which is a supertype of 'com.swmansion.gesturehandler.react.RNGestureHandlerButtonViewManager'. Check your module classpath for missing or conflicting dependencies
e: C:\Users\Miller\Desktop\Tuky\frontend\node_modules\react-native-gesture-handler\android\src\main\java\com\swmansion\gesturehandler\react\RNGestureHandlerRootViewManager.kt: (15, 1): Cannot access 'ViewManagerWithGeneratedInterface' which is a supertype of 'com.swmansion.gesturehandler.react.RNGestureHandlerRootViewManager'. Check your module classpath for missing or conflicting dependencies
e: C:\Users\Miller\Desktop\Tuky\frontend\node_modules\react-native-gesture-handler\android\src\main\java\com\swmansion\gesturehandler\react\RNGestureHandlerRootViewManager.kt: (22, 5): Cannot access 'ViewManagerWithGeneratedInterface' which is a supertype of 'com.swmansion.gesturehandler.react.RNGestureHandlerRootViewManager'. Check your module classpath for missing or conflicting dependencies
e: C:\Users\Miller\Desktop\Tuky\frontend\node_modules\react-native-gesture-handler\android\src\main\java\com\swmansion\gesturehandler\react\RNGestureHandlerRootViewManager.kt: (22, 116): Cannot access 'ViewManagerWithGeneratedInterface' which is a supertype of 'com.swmansion.gesturehandler.react.RNGestureHandlerRootViewManager'. Check your module classpath for missing or conflicting dependencies
e: C:\Users\Miller\Desktop\Tuky\frontend\node_modules\react-native-gesture-handler\android\src\main\java\com\swmansion\gesturehandler\react\RNGestureHandlerRootViewManager.kt: (25, 79): Cannot access 'ViewManagerWithGeneratedInterface' which is a supertype of 'com.swmansion.gesturehandler.react.RNGestureHandlerRootViewManager'. Check your module classpath for missing or conflicting dependencies

FAILURE: Build completed with 2 failures.

1: Task failed with an exception.
-----------
* What went wrong:
Execution failed for task ':react-native-maps:compileDebugJavaWithJavac'.
> Compilation failed; see the compiler error output for details.

* Try:
> Run with --stacktrace option to get the stack trace.
> Run with --info or --debug option to get more log output.
> Run with --scan to get full insights.
==============================================================================

2: Task failed with an exception.
-----------
* What went wrong:
Execution failed for task ':react-native-gesture-handler:compileDebugKotlin'.
> A failure occurred while executing org.jetbrains.kotlin.compilerRunner.GradleCompilerRunnerWithWorkers$GradleKotlinCompilerWorkAction
   > Compilation error. See log for more details

* Try:
> Run with --stacktrace option to get the stack trace.
> Run with --info or --debug option to get more log output.
> Run with --scan to get full insights.
==============================================================================

* Get more help at https://help.gradle.org

BUILD FAILED in 48s
error Failed to install the app.
info Run CLI with --verbose flag for more details.
